<?xml version="1.0" encoding="UTF-8"?>
<testng-results ignored="0" total="149" passed="138" failed="11" skipped="0">
  <reporter-output>
  </reporter-output>
  <suite started-at="2020-05-19T04:36:20Z" name="APISuite" finished-at="2020-05-19T04:45:51Z" duration-ms="571376">
    <groups>
    </groups>
    <test started-at="2020-05-19T04:36:20Z" name="APITest" finished-at="2020-05-19T04:45:51Z" duration-ms="571376">
      <class name="com.api.testcases.TS_006_InsertPayment">
        <test-method is-config="true" signature="setUp()[pri:0, instance:com.api.testcases.TS_006_InsertPayment@68567e20]" started-at="2020-05-19T04:40:31Z" name="setUp" finished-at="2020-05-19T04:40:31Z" duration-ms="3" status="PASS">
          <reporter-output>
          </reporter-output>
        </test-method> <!-- setUp -->
        <test-method is-config="true" signature="firstLogMessage()[pri:0, instance:com.api.testcases.TS_006_InsertPayment@68567e20]" started-at="2020-05-19T04:40:31Z" name="firstLogMessage" finished-at="2020-05-19T04:40:31Z" duration-ms="0" status="PASS">
          <reporter-output>
          </reporter-output>
        </test-method> <!-- firstLogMessage -->
        <test-method signature="createBillData(java.lang.String, java.lang.String, java.lang.String, java.lang.String, java.lang.String)[pri:0, instance:com.api.testcases.TS_006_InsertPayment@68567e20]" started-at="2020-05-19T04:40:31Z" name="createBillData" data-provider="createBill-data" finished-at="2020-05-19T04:40:34Z" duration-ms="2576" status="PASS">
          <params>
            <param index="0">
              <value>
                <![CDATA[Ridwan Remin]]>
              </value>
            </param>
            <param index="1">
              <value>
                <![CDATA[02111111111]]>
              </value>
            </param>
            <param index="2">
              <value>
                <![CDATA[May]]>
              </value>
            </param>
            <param index="3">
              <value>
                <![CDATA[75000]]>
              </value>
            </param>
            <param index="4">
              <value>
                <![CDATA[unpaid]]>
              </value>
            </param>
          </params>
          <reporter-output>
          </reporter-output>
        </test-method> <!-- createBillData -->
        <test-method signature="createBillData(java.lang.String, java.lang.String, java.lang.String, java.lang.String, java.lang.String)[pri:0, instance:com.api.testcases.TS_006_InsertPayment@68567e20]" started-at="2020-05-19T04:40:34Z" name="createBillData" data-provider="createBill-data" finished-at="2020-05-19T04:40:37Z" duration-ms="3173" status="PASS">
          <params>
            <param index="0">
              <value>
                <![CDATA[Dodit Mulyanto]]>
              </value>
            </param>
            <param index="1">
              <value>
                <![CDATA[02122222222]]>
              </value>
            </param>
            <param index="2">
              <value>
                <![CDATA[May]]>
              </value>
            </param>
            <param index="3">
              <value>
                <![CDATA[75000]]>
              </value>
            </param>
            <param index="4">
              <value>
                <![CDATA[unpaid]]>
              </value>
            </param>
          </params>
          <reporter-output>
          </reporter-output>
        </test-method> <!-- createBillData -->
        <test-method signature="createBillData(java.lang.String, java.lang.String, java.lang.String, java.lang.String, java.lang.String)[pri:0, instance:com.api.testcases.TS_006_InsertPayment@68567e20]" started-at="2020-05-19T04:40:37Z" name="createBillData" data-provider="createBill-data" finished-at="2020-05-19T04:40:39Z" duration-ms="2251" status="PASS">
          <params>
            <param index="0">
              <value>
                <![CDATA[Raditya Dika]]>
              </value>
            </param>
            <param index="1">
              <value>
                <![CDATA[02133333333]]>
              </value>
            </param>
            <param index="2">
              <value>
                <![CDATA[May]]>
              </value>
            </param>
            <param index="3">
              <value>
                <![CDATA[75000]]>
              </value>
            </param>
            <param index="4">
              <value>
                <![CDATA[unpaid]]>
              </value>
            </param>
          </params>
          <reporter-output>
          </reporter-output>
        </test-method> <!-- createBillData -->
        <test-method signature="createBillData(java.lang.String, java.lang.String, java.lang.String, java.lang.String, java.lang.String)[pri:0, instance:com.api.testcases.TS_006_InsertPayment@68567e20]" started-at="2020-05-19T04:40:39Z" name="createBillData" data-provider="createBill-data" finished-at="2020-05-19T04:40:41Z" duration-ms="1934" status="PASS">
          <params>
            <param index="0">
              <value>
                <![CDATA[Bintang Emon]]>
              </value>
            </param>
            <param index="1">
              <value>
                <![CDATA[02144444444]]>
              </value>
            </param>
            <param index="2">
              <value>
                <![CDATA[May]]>
              </value>
            </param>
            <param index="3">
              <value>
                <![CDATA[75000]]>
              </value>
            </param>
            <param index="4">
              <value>
                <![CDATA[unpaid]]>
              </value>
            </param>
          </params>
          <reporter-output>
          </reporter-output>
        </test-method> <!-- createBillData -->
        <test-method signature="createBillData(java.lang.String, java.lang.String, java.lang.String, java.lang.String, java.lang.String)[pri:0, instance:com.api.testcases.TS_006_InsertPayment@68567e20]" started-at="2020-05-19T04:40:41Z" name="createBillData" data-provider="createBill-data" finished-at="2020-05-19T04:40:43Z" duration-ms="1853" status="PASS">
          <params>
            <param index="0">
              <value>
                <![CDATA[Fico fahriza]]>
              </value>
            </param>
            <param index="1">
              <value>
                <![CDATA[02155555555]]>
              </value>
            </param>
            <param index="2">
              <value>
                <![CDATA[May]]>
              </value>
            </param>
            <param index="3">
              <value>
                <![CDATA[75000]]>
              </value>
            </param>
            <param index="4">
              <value>
                <![CDATA[unpaid]]>
              </value>
            </param>
          </params>
          <reporter-output>
          </reporter-output>
        </test-method> <!-- createBillData -->
        <test-method signature="createBillData(java.lang.String, java.lang.String, java.lang.String, java.lang.String, java.lang.String)[pri:0, instance:com.api.testcases.TS_006_InsertPayment@68567e20]" started-at="2020-05-19T04:40:43Z" name="createBillData" data-provider="createBill-data" finished-at="2020-05-19T04:40:47Z" duration-ms="3579" status="PASS">
          <params>
            <param index="0">
              <value>
                <![CDATA[Yuda Aldiansyah]]>
              </value>
            </param>
            <param index="1">
              <value>
                <![CDATA[02166666666]]>
              </value>
            </param>
            <param index="2">
              <value>
                <![CDATA[May]]>
              </value>
            </param>
            <param index="3">
              <value>
                <![CDATA[75000]]>
              </value>
            </param>
            <param index="4">
              <value>
                <![CDATA[unpaid]]>
              </value>
            </param>
          </params>
          <reporter-output>
          </reporter-output>
        </test-method> <!-- createBillData -->
        <test-method signature="insertPaymentTest(java.lang.String, java.lang.String, java.lang.String, java.lang.String, java.lang.String, java.lang.String, java.lang.String, java.lang.String)[pri:0, instance:com.api.testcases.TS_006_InsertPayment@68567e20]" started-at="2020-05-19T04:40:47Z" name="insertPaymentTest" data-provider="getInsertPayment-data" finished-at="2020-05-19T04:40:51Z" depends-on-methods="com.api.testcases.TS_006_InsertPayment.createBillData" duration-ms="3740" status="PASS">
          <params>
            <param index="0">
              <value>
                <![CDATA[TS_084]]>
              </value>
            </param>
            <param index="1">
              <value>
                <![CDATA[Test Insert Payment API with positive test path (pay with wallet balance)]]>
              </value>
            </param>
            <param index="2">
              <value>
                <![CDATA[Depend#83833833834]]>
              </value>
            </param>
            <param index="3">
              <value>
                <![CDATA[Depend#02111111111]]>
              </value>
            </param>
            <param index="4">
              <value>
                <![CDATA[1]]>
              </value>
            </param>
            <param index="5">
              <value>
                <![CDATA[1000000]]>
              </value>
            </param>
            <param index="6">
              <value>
                <![CDATA[201]]>
              </value>
            </param>
            <param index="7">
              <value>
                <![CDATA[Payment Pending]]>
              </value>
            </param>
          </params>
          <reporter-output>
          </reporter-output>
        </test-method> <!-- insertPaymentTest -->
        <test-method signature="insertPaymentTest(java.lang.String, java.lang.String, java.lang.String, java.lang.String, java.lang.String, java.lang.String, java.lang.String, java.lang.String)[pri:0, instance:com.api.testcases.TS_006_InsertPayment@68567e20]" started-at="2020-05-19T04:40:51Z" name="insertPaymentTest" data-provider="getInsertPayment-data" finished-at="2020-05-19T04:40:56Z" depends-on-methods="com.api.testcases.TS_006_InsertPayment.createBillData" duration-ms="4868" status="PASS">
          <params>
            <param index="0">
              <value>
                <![CDATA[TS_085]]>
              </value>
            </param>
            <param index="1">
              <value>
                <![CDATA[Test Insert Payment API with positive test path (pay with wallet bank transfer)]]>
              </value>
            </param>
            <param index="2">
              <value>
                <![CDATA[Depend#83833833834]]>
              </value>
            </param>
            <param index="3">
              <value>
                <![CDATA[Depend#02122222222]]>
              </value>
            </param>
            <param index="4">
              <value>
                <![CDATA[2]]>
              </value>
            </param>
            <param index="5">
              <value>
                <![CDATA[1000000]]>
              </value>
            </param>
            <param index="6">
              <value>
                <![CDATA[201]]>
              </value>
            </param>
            <param index="7">
              <value>
                <![CDATA[Payment Pending]]>
              </value>
            </param>
          </params>
          <reporter-output>
          </reporter-output>
        </test-method> <!-- insertPaymentTest -->
        <test-method signature="insertPaymentTest(java.lang.String, java.lang.String, java.lang.String, java.lang.String, java.lang.String, java.lang.String, java.lang.String, java.lang.String)[pri:0, instance:com.api.testcases.TS_006_InsertPayment@68567e20]" started-at="2020-05-19T04:40:56Z" name="insertPaymentTest" data-provider="getInsertPayment-data" finished-at="2020-05-19T04:41:01Z" depends-on-methods="com.api.testcases.TS_006_InsertPayment.createBillData" duration-ms="5138" status="PASS">
          <params>
            <param index="0">
              <value>
                <![CDATA[TS_086]]>
              </value>
            </param>
            <param index="1">
              <value>
                <![CDATA[Test Insert Payment API with unrecognized payment method]]>
              </value>
            </param>
            <param index="2">
              <value>
                <![CDATA[Depend#83833833834]]>
              </value>
            </param>
            <param index="3">
              <value>
                <![CDATA[Depend#02133333333]]>
              </value>
            </param>
            <param index="4">
              <value>
                <![CDATA[500]]>
              </value>
            </param>
            <param index="5">
              <value>
                <![CDATA[1000000]]>
              </value>
            </param>
            <param index="6">
              <value>
                <![CDATA[404]]>
              </value>
            </param>
            <param index="7">
              <value>
                <![CDATA[Payment method not found]]>
              </value>
            </param>
          </params>
          <reporter-output>
          </reporter-output>
        </test-method> <!-- insertPaymentTest -->
        <test-method signature="insertPaymentTest(java.lang.String, java.lang.String, java.lang.String, java.lang.String, java.lang.String, java.lang.String, java.lang.String, java.lang.String)[pri:0, instance:com.api.testcases.TS_006_InsertPayment@68567e20]" started-at="2020-05-19T04:41:01Z" name="insertPaymentTest" data-provider="getInsertPayment-data" finished-at="2020-05-19T04:41:06Z" depends-on-methods="com.api.testcases.TS_006_InsertPayment.createBillData" duration-ms="5099" status="PASS">
          <params>
            <param index="0">
              <value>
                <![CDATA[TS_087]]>
              </value>
            </param>
            <param index="1">
              <value>
                <![CDATA[Test Insert Payment API with unregistered bill]]>
              </value>
            </param>
            <param index="2">
              <value>
                <![CDATA[Depend#83833833834]]>
              </value>
            </param>
            <param index="3">
              <value>
                <![CDATA[1000]]>
              </value>
            </param>
            <param index="4">
              <value>
                <![CDATA[1]]>
              </value>
            </param>
            <param index="5">
              <value>
                <![CDATA[1000000]]>
              </value>
            </param>
            <param index="6">
              <value>
                <![CDATA[404]]>
              </value>
            </param>
            <param index="7">
              <value>
                <![CDATA[Bill not found]]>
              </value>
            </param>
          </params>
          <reporter-output>
          </reporter-output>
        </test-method> <!-- insertPaymentTest -->
        <test-method signature="insertPaymentTest(java.lang.String, java.lang.String, java.lang.String, java.lang.String, java.lang.String, java.lang.String, java.lang.String, java.lang.String)[pri:0, instance:com.api.testcases.TS_006_InsertPayment@68567e20]" started-at="2020-05-19T04:41:06Z" name="insertPaymentTest" data-provider="getInsertPayment-data" finished-at="2020-05-19T04:41:08Z" depends-on-methods="com.api.testcases.TS_006_InsertPayment.createBillData" duration-ms="2248" status="PASS">
          <params>
            <param index="0">
              <value>
                <![CDATA[TS_088]]>
              </value>
            </param>
            <param index="1">
              <value>
                <![CDATA[Test Insert Payment API with unregistered user]]>
              </value>
            </param>
            <param index="2">
              <value>
                <![CDATA[1000]]>
              </value>
            </param>
            <param index="3">
              <value>
                <![CDATA[Depend#02133333333]]>
              </value>
            </param>
            <param index="4">
              <value>
                <![CDATA[1]]>
              </value>
            </param>
            <param index="5">
              <value>
                <![CDATA[1000000]]>
              </value>
            </param>
            <param index="6">
              <value>
                <![CDATA[404]]>
              </value>
            </param>
            <param index="7">
              <value>
                <![CDATA[User not found]]>
              </value>
            </param>
          </params>
          <reporter-output>
          </reporter-output>
        </test-method> <!-- insertPaymentTest -->
        <test-method signature="insertPaymentTest(java.lang.String, java.lang.String, java.lang.String, java.lang.String, java.lang.String, java.lang.String, java.lang.String, java.lang.String)[pri:0, instance:com.api.testcases.TS_006_InsertPayment@68567e20]" started-at="2020-05-19T04:41:08Z" name="insertPaymentTest" data-provider="getInsertPayment-data" finished-at="2020-05-19T04:41:13Z" depends-on-methods="com.api.testcases.TS_006_InsertPayment.createBillData" duration-ms="5426" status="FAIL">
          <params>
            <param index="0">
              <value>
                <![CDATA[TS_089]]>
              </value>
            </param>
            <param index="1">
              <value>
                <![CDATA[Test Insert Payment API if user already insert payment (method : wallet balance)]]>
              </value>
            </param>
            <param index="2">
              <value>
                <![CDATA[Depend#83833833834]]>
              </value>
            </param>
            <param index="3">
              <value>
                <![CDATA[Depend#02111111111]]>
              </value>
            </param>
            <param index="4">
              <value>
                <![CDATA[1]]>
              </value>
            </param>
            <param index="5">
              <value>
                <![CDATA[1000000]]>
              </value>
            </param>
            <param index="6">
              <value>
                <![CDATA[403]]>
              </value>
            </param>
            <param index="7">
              <value>
                <![CDATA[Pay your bill to finish the transaction]]>
              </value>
            </param>
          </params>
          <exception class="java.lang.AssertionError">
            <message>
              <![CDATA[1 expectation failed.
Response body doesn't match expectation.
Expected: a string containing "Pay your bill to finish the transaction"
  Actual: [data:[:], message:Pay your bill to finish the transaction, status:403]
]]>
            </message>
            <full-stacktrace>
              <![CDATA[java.lang.AssertionError: 1 expectation failed.
Response body doesn't match expectation.
Expected: a string containing "Pay your bill to finish the transaction"
  Actual: [data:[:], message:Pay your bill to finish the transaction, status:403]

at java.base/jdk.internal.reflect.NativeConstructorAccessorImpl.newInstance0(Native Method)
at java.base/jdk.internal.reflect.NativeConstructorAccessorImpl.newInstance(NativeConstructorAccessorImpl.java:62)
at java.base/jdk.internal.reflect.DelegatingConstructorAccessorImpl.newInstance(DelegatingConstructorAccessorImpl.java:45)
at java.base/java.lang.reflect.Constructor.newInstance(Constructor.java:490)
at org.codehaus.groovy.reflection.CachedConstructor.invoke(CachedConstructor.java:83)
at org.codehaus.groovy.reflection.CachedConstructor.doConstructorInvoke(CachedConstructor.java:77)
at org.codehaus.groovy.runtime.callsite.ConstructorSite$ConstructorSiteNoUnwrap.callConstructor(ConstructorSite.java:84)
at org.codehaus.groovy.runtime.callsite.AbstractCallSite.callConstructor(AbstractCallSite.java:250)
at io.restassured.internal.ResponseSpecificationImpl$HamcrestAssertionClosure.validate(ResponseSpecificationImpl.groovy:494)
at io.restassured.internal.ResponseSpecificationImpl$HamcrestAssertionClosure$validate$1.call(Unknown Source)
at io.restassured.internal.ResponseSpecificationImpl.validateResponseIfRequired(ResponseSpecificationImpl.groovy:656)
at jdk.internal.reflect.GeneratedMethodAccessor31.invoke(Unknown Source)
at java.base/jdk.internal.reflect.DelegatingMethodAccessorImpl.invoke(DelegatingMethodAccessorImpl.java:43)
at java.base/java.lang.reflect.Method.invoke(Method.java:566)
at org.codehaus.groovy.runtime.callsite.PogoMetaMethodSite$PogoCachedMethodSiteNoUnwrapNoCoerce.invoke(PogoMetaMethodSite.java:210)
at org.codehaus.groovy.runtime.callsite.PogoMetaMethodSite.callCurrent(PogoMetaMethodSite.java:59)
at org.codehaus.groovy.runtime.callsite.AbstractCallSite.callCurrent(AbstractCallSite.java:169)
at io.restassured.internal.ResponseSpecificationImpl.content(ResponseSpecificationImpl.groovy:97)
at io.restassured.internal.ValidatableResponseOptionsImpl.content(ValidatableResponseOptionsImpl.java:89)
at com.api.testcases.TS_006_InsertPayment.insertPaymentTest(TS_006_InsertPayment.java:113)
at java.base/jdk.internal.reflect.NativeMethodAccessorImpl.invoke0(Native Method)
at java.base/jdk.internal.reflect.NativeMethodAccessorImpl.invoke(NativeMethodAccessorImpl.java:62)
at java.base/jdk.internal.reflect.DelegatingMethodAccessorImpl.invoke(DelegatingMethodAccessorImpl.java:43)
at java.base/java.lang.reflect.Method.invoke(Method.java:566)
at org.testng.internal.MethodInvocationHelper.invokeMethod(MethodInvocationHelper.java:124)
at org.testng.internal.Invoker.invokeMethod(Invoker.java:583)
at org.testng.internal.Invoker.invokeTestMethod(Invoker.java:719)
at org.testng.internal.Invoker.invokeTestMethods(Invoker.java:989)
at org.testng.internal.TestMethodWorker.invokeTestMethods(TestMethodWorker.java:125)
at org.testng.internal.TestMethodWorker.run(TestMethodWorker.java:109)
at org.testng.TestRunner.privateRun(TestRunner.java:648)
at org.testng.TestRunner.run(TestRunner.java:505)
at org.testng.SuiteRunner.runTest(SuiteRunner.java:455)
at org.testng.SuiteRunner.runSequentially(SuiteRunner.java:450)
at org.testng.SuiteRunner.privateRun(SuiteRunner.java:415)
at org.testng.SuiteRunner.run(SuiteRunner.java:364)
at org.testng.SuiteRunnerWorker.runSuite(SuiteRunnerWorker.java:52)
at org.testng.SuiteRunnerWorker.run(SuiteRunnerWorker.java:84)
at org.testng.TestNG.runSuitesSequentially(TestNG.java:1208)
at org.testng.TestNG.runSuitesLocally(TestNG.java:1137)
at org.testng.TestNG.runSuites(TestNG.java:1049)
at org.testng.TestNG.run(TestNG.java:1017)
at org.testng.remote.AbstractRemoteTestNG.run(AbstractRemoteTestNG.java:115)
at org.testng.remote.RemoteTestNG.initAndRun(RemoteTestNG.java:251)
at org.testng.remote.RemoteTestNG.main(RemoteTestNG.java:77)
]]>
            </full-stacktrace>
          </exception> <!-- java.lang.AssertionError -->
          <reporter-output>
          </reporter-output>
        </test-method> <!-- insertPaymentTest -->
        <test-method signature="insertPaymentTest(java.lang.String, java.lang.String, java.lang.String, java.lang.String, java.lang.String, java.lang.String, java.lang.String, java.lang.String)[pri:0, instance:com.api.testcases.TS_006_InsertPayment@68567e20]" started-at="2020-05-19T04:41:13Z" name="insertPaymentTest" data-provider="getInsertPayment-data" finished-at="2020-05-19T04:41:18Z" depends-on-methods="com.api.testcases.TS_006_InsertPayment.createBillData" duration-ms="5015" status="FAIL">
          <params>
            <param index="0">
              <value>
                <![CDATA[TS_090]]>
              </value>
            </param>
            <param index="1">
              <value>
                <![CDATA[Test Insert Payment API if user already insert payment (method : bank transfer)]]>
              </value>
            </param>
            <param index="2">
              <value>
                <![CDATA[Depend#83833833834]]>
              </value>
            </param>
            <param index="3">
              <value>
                <![CDATA[Depend#02122222222]]>
              </value>
            </param>
            <param index="4">
              <value>
                <![CDATA[2]]>
              </value>
            </param>
            <param index="5">
              <value>
                <![CDATA[1000000]]>
              </value>
            </param>
            <param index="6">
              <value>
                <![CDATA[403]]>
              </value>
            </param>
            <param index="7">
              <value>
                <![CDATA[Pay your bill to finish the transaction]]>
              </value>
            </param>
          </params>
          <exception class="java.lang.AssertionError">
            <message>
              <![CDATA[1 expectation failed.
Response body doesn't match expectation.
Expected: a string containing "Pay your bill to finish the transaction"
  Actual: [data:[:], message:Pay your bill to finish the transaction, status:403]
]]>
            </message>
            <full-stacktrace>
              <![CDATA[java.lang.AssertionError: 1 expectation failed.
Response body doesn't match expectation.
Expected: a string containing "Pay your bill to finish the transaction"
  Actual: [data:[:], message:Pay your bill to finish the transaction, status:403]

at java.base/jdk.internal.reflect.NativeConstructorAccessorImpl.newInstance0(Native Method)
at java.base/jdk.internal.reflect.NativeConstructorAccessorImpl.newInstance(NativeConstructorAccessorImpl.java:62)
at java.base/jdk.internal.reflect.DelegatingConstructorAccessorImpl.newInstance(DelegatingConstructorAccessorImpl.java:45)
at java.base/java.lang.reflect.Constructor.newInstance(Constructor.java:490)
at org.codehaus.groovy.reflection.CachedConstructor.invoke(CachedConstructor.java:83)
at org.codehaus.groovy.reflection.CachedConstructor.doConstructorInvoke(CachedConstructor.java:77)
at org.codehaus.groovy.runtime.callsite.ConstructorSite$ConstructorSiteNoUnwrap.callConstructor(ConstructorSite.java:84)
at org.codehaus.groovy.runtime.callsite.AbstractCallSite.callConstructor(AbstractCallSite.java:250)
at io.restassured.internal.ResponseSpecificationImpl$HamcrestAssertionClosure.validate(ResponseSpecificationImpl.groovy:494)
at io.restassured.internal.ResponseSpecificationImpl$HamcrestAssertionClosure$validate$1.call(Unknown Source)
at io.restassured.internal.ResponseSpecificationImpl.validateResponseIfRequired(ResponseSpecificationImpl.groovy:656)
at jdk.internal.reflect.GeneratedMethodAccessor31.invoke(Unknown Source)
at java.base/jdk.internal.reflect.DelegatingMethodAccessorImpl.invoke(DelegatingMethodAccessorImpl.java:43)
at java.base/java.lang.reflect.Method.invoke(Method.java:566)
at org.codehaus.groovy.runtime.callsite.PogoMetaMethodSite$PogoCachedMethodSiteNoUnwrapNoCoerce.invoke(PogoMetaMethodSite.java:210)
at org.codehaus.groovy.runtime.callsite.PogoMetaMethodSite.callCurrent(PogoMetaMethodSite.java:59)
at org.codehaus.groovy.runtime.callsite.AbstractCallSite.callCurrent(AbstractCallSite.java:169)
at io.restassured.internal.ResponseSpecificationImpl.content(ResponseSpecificationImpl.groovy:97)
at io.restassured.internal.ValidatableResponseOptionsImpl.content(ValidatableResponseOptionsImpl.java:89)
at com.api.testcases.TS_006_InsertPayment.insertPaymentTest(TS_006_InsertPayment.java:113)
at java.base/jdk.internal.reflect.NativeMethodAccessorImpl.invoke0(Native Method)
at java.base/jdk.internal.reflect.NativeMethodAccessorImpl.invoke(NativeMethodAccessorImpl.java:62)
at java.base/jdk.internal.reflect.DelegatingMethodAccessorImpl.invoke(DelegatingMethodAccessorImpl.java:43)
at java.base/java.lang.reflect.Method.invoke(Method.java:566)
at org.testng.internal.MethodInvocationHelper.invokeMethod(MethodInvocationHelper.java:124)
at org.testng.internal.Invoker.invokeMethod(Invoker.java:583)
at org.testng.internal.Invoker.invokeTestMethod(Invoker.java:719)
at org.testng.internal.Invoker.invokeTestMethods(Invoker.java:989)
at org.testng.internal.TestMethodWorker.invokeTestMethods(TestMethodWorker.java:125)
at org.testng.internal.TestMethodWorker.run(TestMethodWorker.java:109)
at org.testng.TestRunner.privateRun(TestRunner.java:648)
at org.testng.TestRunner.run(TestRunner.java:505)
at org.testng.SuiteRunner.runTest(SuiteRunner.java:455)
at org.testng.SuiteRunner.runSequentially(SuiteRunner.java:450)
at org.testng.SuiteRunner.privateRun(SuiteRunner.java:415)
at org.testng.SuiteRunner.run(SuiteRunner.java:364)
at org.testng.SuiteRunnerWorker.runSuite(SuiteRunnerWorker.java:52)
at org.testng.SuiteRunnerWorker.run(SuiteRunnerWorker.java:84)
at org.testng.TestNG.runSuitesSequentially(TestNG.java:1208)
at org.testng.TestNG.runSuitesLocally(TestNG.java:1137)
at org.testng.TestNG.runSuites(TestNG.java:1049)
at org.testng.TestNG.run(TestNG.java:1017)
at org.testng.remote.AbstractRemoteTestNG.run(AbstractRemoteTestNG.java:115)
at org.testng.remote.RemoteTestNG.initAndRun(RemoteTestNG.java:251)
at org.testng.remote.RemoteTestNG.main(RemoteTestNG.java:77)
]]>
            </full-stacktrace>
          </exception> <!-- java.lang.AssertionError -->
          <reporter-output>
          </reporter-output>
        </test-method> <!-- insertPaymentTest -->
        <test-method signature="insertPaymentTest(java.lang.String, java.lang.String, java.lang.String, java.lang.String, java.lang.String, java.lang.String, java.lang.String, java.lang.String)[pri:0, instance:com.api.testcases.TS_006_InsertPayment@68567e20]" started-at="2020-05-19T04:41:18Z" name="insertPaymentTest" data-provider="getInsertPayment-data" finished-at="2020-05-19T04:41:22Z" depends-on-methods="com.api.testcases.TS_006_InsertPayment.createBillData" duration-ms="3887" status="PASS">
          <params>
            <param index="0">
              <value>
                <![CDATA[TS_091]]>
              </value>
            </param>
            <param index="1">
              <value>
                <![CDATA[Test Insert Payment API if wallet balance less than total amount billing]]>
              </value>
            </param>
            <param index="2">
              <value>
                <![CDATA[Depend#83833833834]]>
              </value>
            </param>
            <param index="3">
              <value>
                <![CDATA[Depend#02133333333]]>
              </value>
            </param>
            <param index="4">
              <value>
                <![CDATA[1]]>
              </value>
            </param>
            <param index="5">
              <value>
                <![CDATA[40000]]>
              </value>
            </param>
            <param index="6">
              <value>
                <![CDATA[403]]>
              </value>
            </param>
            <param index="7">
              <value>
                <![CDATA[Insufficient balance please top up]]>
              </value>
            </param>
          </params>
          <reporter-output>
          </reporter-output>
        </test-method> <!-- insertPaymentTest -->
        <test-method signature="insertPaymentTest(java.lang.String, java.lang.String, java.lang.String, java.lang.String, java.lang.String, java.lang.String, java.lang.String, java.lang.String)[pri:0, instance:com.api.testcases.TS_006_InsertPayment@68567e20]" started-at="2020-05-19T04:41:22Z" name="insertPaymentTest" data-provider="getInsertPayment-data" finished-at="2020-05-19T04:41:27Z" depends-on-methods="com.api.testcases.TS_006_InsertPayment.createBillData" duration-ms="4142" status="PASS">
          <params>
            <param index="0">
              <value>
                <![CDATA[TS_092]]>
              </value>
            </param>
            <param index="1">
              <value>
                <![CDATA[Test Insert Payment API if wallet balance equals zero]]>
              </value>
            </param>
            <param index="2">
              <value>
                <![CDATA[Depend#83833833834]]>
              </value>
            </param>
            <param index="3">
              <value>
                <![CDATA[Depend#02133333333]]>
              </value>
            </param>
            <param index="4">
              <value>
                <![CDATA[1]]>
              </value>
            </param>
            <param index="5">
              <value>
                <![CDATA[0]]>
              </value>
            </param>
            <param index="6">
              <value>
                <![CDATA[403]]>
              </value>
            </param>
            <param index="7">
              <value>
                <![CDATA[Insufficient balance please top up]]>
              </value>
            </param>
          </params>
          <reporter-output>
          </reporter-output>
        </test-method> <!-- insertPaymentTest -->
        <test-method signature="insertPaymentTest(java.lang.String, java.lang.String, java.lang.String, java.lang.String, java.lang.String, java.lang.String, java.lang.String, java.lang.String)[pri:0, instance:com.api.testcases.TS_006_InsertPayment@68567e20]" started-at="2020-05-19T04:41:27Z" name="insertPaymentTest" data-provider="getInsertPayment-data" finished-at="2020-05-19T04:41:32Z" depends-on-methods="com.api.testcases.TS_006_InsertPayment.createBillData" duration-ms="5485" status="PASS">
          <params>
            <param index="0">
              <value>
                <![CDATA[TS_093]]>
              </value>
            </param>
            <param index="1">
              <value>
                <![CDATA[Test Insert Payment API with invalid payment method (contain alphabet)]]>
              </value>
            </param>
            <param index="2">
              <value>
                <![CDATA[Depend#83833833834]]>
              </value>
            </param>
            <param index="3">
              <value>
                <![CDATA[Depend#02133333333]]>
              </value>
            </param>
            <param index="4">
              <value>
                <![CDATA[abc]]>
              </value>
            </param>
            <param index="5">
              <value>
                <![CDATA[1000000]]>
              </value>
            </param>
            <param index="6">
              <value>
                <![CDATA[400]]>
              </value>
            </param>
            <param index="7">
              <value>
                <![CDATA[JSON parse error]]>
              </value>
            </param>
          </params>
          <reporter-output>
          </reporter-output>
        </test-method> <!-- insertPaymentTest -->
        <test-method signature="insertPaymentTest(java.lang.String, java.lang.String, java.lang.String, java.lang.String, java.lang.String, java.lang.String, java.lang.String, java.lang.String)[pri:0, instance:com.api.testcases.TS_006_InsertPayment@68567e20]" started-at="2020-05-19T04:41:32Z" name="insertPaymentTest" data-provider="getInsertPayment-data" finished-at="2020-05-19T04:41:38Z" depends-on-methods="com.api.testcases.TS_006_InsertPayment.createBillData" duration-ms="5531" status="PASS">
          <params>
            <param index="0">
              <value>
                <![CDATA[TS_094]]>
              </value>
            </param>
            <param index="1">
              <value>
                <![CDATA[Test Insert Payment API with invalid payment method (contain symbol)]]>
              </value>
            </param>
            <param index="2">
              <value>
                <![CDATA[Depend#83833833834]]>
              </value>
            </param>
            <param index="3">
              <value>
                <![CDATA[Depend#02133333333]]>
              </value>
            </param>
            <param index="4">
              <value>
                <![CDATA[@]]>
              </value>
            </param>
            <param index="5">
              <value>
                <![CDATA[1000000]]>
              </value>
            </param>
            <param index="6">
              <value>
                <![CDATA[400]]>
              </value>
            </param>
            <param index="7">
              <value>
                <![CDATA[JSON parse error]]>
              </value>
            </param>
          </params>
          <reporter-output>
          </reporter-output>
        </test-method> <!-- insertPaymentTest -->
        <test-method signature="insertPaymentTest(java.lang.String, java.lang.String, java.lang.String, java.lang.String, java.lang.String, java.lang.String, java.lang.String, java.lang.String)[pri:0, instance:com.api.testcases.TS_006_InsertPayment@68567e20]" started-at="2020-05-19T04:41:38Z" name="insertPaymentTest" data-provider="getInsertPayment-data" finished-at="2020-05-19T04:41:43Z" depends-on-methods="com.api.testcases.TS_006_InsertPayment.createBillData" duration-ms="5874" status="PASS">
          <params>
            <param index="0">
              <value>
                <![CDATA[TS_095]]>
              </value>
            </param>
            <param index="1">
              <value>
                <![CDATA[Test Insert Payment API with invalid payment method (empty)]]>
              </value>
            </param>
            <param index="2">
              <value>
                <![CDATA[Depend#83833833834]]>
              </value>
            </param>
            <param index="3">
              <value>
                <![CDATA[Depend#02133333333]]>
              </value>
            </param>
            <param index="4">
              <value>
                <![CDATA[]]>
              </value>
            </param>
            <param index="5">
              <value>
                <![CDATA[1000000]]>
              </value>
            </param>
            <param index="6">
              <value>
                <![CDATA[404]]>
              </value>
            </param>
            <param index="7">
              <value>
                <![CDATA[Payment method not found]]>
              </value>
            </param>
          </params>
          <reporter-output>
          </reporter-output>
        </test-method> <!-- insertPaymentTest -->
        <test-method signature="insertPaymentTest(java.lang.String, java.lang.String, java.lang.String, java.lang.String, java.lang.String, java.lang.String, java.lang.String, java.lang.String)[pri:0, instance:com.api.testcases.TS_006_InsertPayment@68567e20]" started-at="2020-05-19T04:41:43Z" name="insertPaymentTest" data-provider="getInsertPayment-data" finished-at="2020-05-19T04:41:49Z" depends-on-methods="com.api.testcases.TS_006_InsertPayment.createBillData" duration-ms="5694" status="PASS">
          <params>
            <param index="0">
              <value>
                <![CDATA[TS_096]]>
              </value>
            </param>
            <param index="1">
              <value>
                <![CDATA[Test Insert Payment API with invalid id bill (contain alphabet)]]>
              </value>
            </param>
            <param index="2">
              <value>
                <![CDATA[Depend#83833833834]]>
              </value>
            </param>
            <param index="3">
              <value>
                <![CDATA[abc]]>
              </value>
            </param>
            <param index="4">
              <value>
                <![CDATA[2]]>
              </value>
            </param>
            <param index="5">
              <value>
                <![CDATA[1000000]]>
              </value>
            </param>
            <param index="6">
              <value>
                <![CDATA[400]]>
              </value>
            </param>
            <param index="7">
              <value>
                <![CDATA[JSON parse error]]>
              </value>
            </param>
          </params>
          <reporter-output>
          </reporter-output>
        </test-method> <!-- insertPaymentTest -->
        <test-method signature="insertPaymentTest(java.lang.String, java.lang.String, java.lang.String, java.lang.String, java.lang.String, java.lang.String, java.lang.String, java.lang.String)[pri:0, instance:com.api.testcases.TS_006_InsertPayment@68567e20]" started-at="2020-05-19T04:41:49Z" name="insertPaymentTest" data-provider="getInsertPayment-data" finished-at="2020-05-19T04:41:54Z" depends-on-methods="com.api.testcases.TS_006_InsertPayment.createBillData" duration-ms="5031" status="PASS">
          <params>
            <param index="0">
              <value>
                <![CDATA[TS_097]]>
              </value>
            </param>
            <param index="1">
              <value>
                <![CDATA[Test Insert Payment API with invalid id bill (contain symbol)]]>
              </value>
            </param>
            <param index="2">
              <value>
                <![CDATA[Depend#83833833834]]>
              </value>
            </param>
            <param index="3">
              <value>
                <![CDATA[@]]>
              </value>
            </param>
            <param index="4">
              <value>
                <![CDATA[2]]>
              </value>
            </param>
            <param index="5">
              <value>
                <![CDATA[1000000]]>
              </value>
            </param>
            <param index="6">
              <value>
                <![CDATA[400]]>
              </value>
            </param>
            <param index="7">
              <value>
                <![CDATA[JSON parse error]]>
              </value>
            </param>
          </params>
          <reporter-output>
          </reporter-output>
        </test-method> <!-- insertPaymentTest -->
        <test-method signature="insertPaymentTest(java.lang.String, java.lang.String, java.lang.String, java.lang.String, java.lang.String, java.lang.String, java.lang.String, java.lang.String)[pri:0, instance:com.api.testcases.TS_006_InsertPayment@68567e20]" started-at="2020-05-19T04:41:54Z" name="insertPaymentTest" data-provider="getInsertPayment-data" finished-at="2020-05-19T04:41:58Z" depends-on-methods="com.api.testcases.TS_006_InsertPayment.createBillData" duration-ms="4285" status="PASS">
          <params>
            <param index="0">
              <value>
                <![CDATA[TS_098]]>
              </value>
            </param>
            <param index="1">
              <value>
                <![CDATA[Test Insert Payment API with invalid id bill (empty)]]>
              </value>
            </param>
            <param index="2">
              <value>
                <![CDATA[Depend#83833833834]]>
              </value>
            </param>
            <param index="3">
              <value>
                <![CDATA[]]>
              </value>
            </param>
            <param index="4">
              <value>
                <![CDATA[2]]>
              </value>
            </param>
            <param index="5">
              <value>
                <![CDATA[1000000]]>
              </value>
            </param>
            <param index="6">
              <value>
                <![CDATA[404]]>
              </value>
            </param>
            <param index="7">
              <value>
                <![CDATA[Bill not found]]>
              </value>
            </param>
          </params>
          <reporter-output>
          </reporter-output>
        </test-method> <!-- insertPaymentTest -->
        <test-method signature="insertPaymentTest(java.lang.String, java.lang.String, java.lang.String, java.lang.String, java.lang.String, java.lang.String, java.lang.String, java.lang.String)[pri:0, instance:com.api.testcases.TS_006_InsertPayment@68567e20]" started-at="2020-05-19T04:41:58Z" name="insertPaymentTest" data-provider="getInsertPayment-data" finished-at="2020-05-19T04:42:01Z" depends-on-methods="com.api.testcases.TS_006_InsertPayment.createBillData" duration-ms="2147" status="PASS">
          <params>
            <param index="0">
              <value>
                <![CDATA[TS_099]]>
              </value>
            </param>
            <param index="1">
              <value>
                <![CDATA[Test Insert Payment API with invalid id user(contain alphabet)]]>
              </value>
            </param>
            <param index="2">
              <value>
                <![CDATA[abc]]>
              </value>
            </param>
            <param index="3">
              <value>
                <![CDATA[Depend#02133333333]]>
              </value>
            </param>
            <param index="4">
              <value>
                <![CDATA[2]]>
              </value>
            </param>
            <param index="5">
              <value>
                <![CDATA[1000000]]>
              </value>
            </param>
            <param index="6">
              <value>
                <![CDATA[400]]>
              </value>
            </param>
            <param index="7">
              <value>
                <![CDATA[JSON parse error]]>
              </value>
            </param>
          </params>
          <reporter-output>
          </reporter-output>
        </test-method> <!-- insertPaymentTest -->
        <test-method signature="insertPaymentTest(java.lang.String, java.lang.String, java.lang.String, java.lang.String, java.lang.String, java.lang.String, java.lang.String, java.lang.String)[pri:0, instance:com.api.testcases.TS_006_InsertPayment@68567e20]" started-at="2020-05-19T04:42:01Z" name="insertPaymentTest" data-provider="getInsertPayment-data" finished-at="2020-05-19T04:42:03Z" depends-on-methods="com.api.testcases.TS_006_InsertPayment.createBillData" duration-ms="2350" status="PASS">
          <params>
            <param index="0">
              <value>
                <![CDATA[TS_100]]>
              </value>
            </param>
            <param index="1">
              <value>
                <![CDATA[Test Insert Payment API with invalid id user (contain symbol)]]>
              </value>
            </param>
            <param index="2">
              <value>
                <![CDATA[@]]>
              </value>
            </param>
            <param index="3">
              <value>
                <![CDATA[Depend#02133333333]]>
              </value>
            </param>
            <param index="4">
              <value>
                <![CDATA[2]]>
              </value>
            </param>
            <param index="5">
              <value>
                <![CDATA[1000000]]>
              </value>
            </param>
            <param index="6">
              <value>
                <![CDATA[400]]>
              </value>
            </param>
            <param index="7">
              <value>
                <![CDATA[JSON parse error]]>
              </value>
            </param>
          </params>
          <reporter-output>
          </reporter-output>
        </test-method> <!-- insertPaymentTest -->
        <test-method signature="insertPaymentTest(java.lang.String, java.lang.String, java.lang.String, java.lang.String, java.lang.String, java.lang.String, java.lang.String, java.lang.String)[pri:0, instance:com.api.testcases.TS_006_InsertPayment@68567e20]" started-at="2020-05-19T04:42:03Z" name="insertPaymentTest" data-provider="getInsertPayment-data" finished-at="2020-05-19T04:42:05Z" depends-on-methods="com.api.testcases.TS_006_InsertPayment.createBillData" duration-ms="2053" status="PASS">
          <params>
            <param index="0">
              <value>
                <![CDATA[TS_101]]>
              </value>
            </param>
            <param index="1">
              <value>
                <![CDATA[Test Insert Payment API with invalid id user (empty)]]>
              </value>
            </param>
            <param index="2">
              <value>
                <![CDATA[]]>
              </value>
            </param>
            <param index="3">
              <value>
                <![CDATA[Depend#02133333333]]>
              </value>
            </param>
            <param index="4">
              <value>
                <![CDATA[2]]>
              </value>
            </param>
            <param index="5">
              <value>
                <![CDATA[1000000]]>
              </value>
            </param>
            <param index="6">
              <value>
                <![CDATA[404]]>
              </value>
            </param>
            <param index="7">
              <value>
                <![CDATA[User not found]]>
              </value>
            </param>
          </params>
          <reporter-output>
          </reporter-output>
        </test-method> <!-- insertPaymentTest -->
      </class> <!-- com.api.testcases.TS_006_InsertPayment -->
      <class name="com.api.testcases.TS_008_GetUserPaymentHistory">
        <test-method is-config="true" signature="setUp()[pri:0, instance:com.api.testcases.TS_008_GetUserPaymentHistory@11fc564b]" started-at="2020-05-19T04:44:27Z" name="setUp" finished-at="2020-05-19T04:44:27Z" duration-ms="3" status="PASS">
          <reporter-output>
          </reporter-output>
        </test-method> <!-- setUp -->
        <test-method is-config="true" signature="firstLogMessage()[pri:0, instance:com.api.testcases.TS_008_GetUserPaymentHistory@11fc564b]" started-at="2020-05-19T04:44:27Z" name="firstLogMessage" finished-at="2020-05-19T04:44:27Z" duration-ms="1" status="PASS">
          <reporter-output>
          </reporter-output>
        </test-method> <!-- firstLogMessage -->
        <test-method signature="getProfileTest(java.lang.String, java.lang.String, java.lang.String, java.lang.String, java.lang.String, java.lang.String)[pri:0, instance:com.api.testcases.TS_008_GetUserPaymentHistory@11fc564b]" started-at="2020-05-19T04:44:27Z" name="getProfileTest" data-provider="getUserPaymentHistory-data" finished-at="2020-05-19T04:44:29Z" duration-ms="2477" status="PASS">
          <params>
            <param index="0">
              <value>
                <![CDATA[TC_118]]>
              </value>
            </param>
            <param index="1">
              <value>
                <![CDATA[Test Get User Payment History API if user exist]]>
              </value>
            </param>
            <param index="2">
              <value>
                <![CDATA[Depend#83833833834]]>
              </value>
            </param>
            <param index="3">
              <value>
                <![CDATA[Success]]>
              </value>
            </param>
            <param index="4">
              <value>
                <![CDATA[200]]>
              </value>
            </param>
            <param index="5">
              <value>
                <![CDATA[Payment history has successfully sent]]>
              </value>
            </param>
          </params>
          <reporter-output>
          </reporter-output>
        </test-method> <!-- getProfileTest -->
        <test-method signature="getProfileTest(java.lang.String, java.lang.String, java.lang.String, java.lang.String, java.lang.String, java.lang.String)[pri:0, instance:com.api.testcases.TS_008_GetUserPaymentHistory@11fc564b]" started-at="2020-05-19T04:44:29Z" name="getProfileTest" data-provider="getUserPaymentHistory-data" finished-at="2020-05-19T04:44:31Z" duration-ms="1681" status="PASS">
          <params>
            <param index="0">
              <value>
                <![CDATA[TC_119]]>
              </value>
            </param>
            <param index="1">
              <value>
                <![CDATA[Test Get User Payment History if user not exist]]>
              </value>
            </param>
            <param index="2">
              <value>
                <![CDATA[1000]]>
              </value>
            </param>
            <param index="3">
              <value>
                <![CDATA[Fail]]>
              </value>
            </param>
            <param index="4">
              <value>
                <![CDATA[404]]>
              </value>
            </param>
            <param index="5">
              <value>
                <![CDATA[Payment not found]]>
              </value>
            </param>
          </params>
          <reporter-output>
          </reporter-output>
        </test-method> <!-- getProfileTest -->
        <test-method signature="getProfileTest(java.lang.String, java.lang.String, java.lang.String, java.lang.String, java.lang.String, java.lang.String)[pri:0, instance:com.api.testcases.TS_008_GetUserPaymentHistory@11fc564b]" started-at="2020-05-19T04:44:31Z" name="getProfileTest" data-provider="getUserPaymentHistory-data" finished-at="2020-05-19T04:44:33Z" duration-ms="1457" status="PASS">
          <params>
            <param index="0">
              <value>
                <![CDATA[TC_120]]>
              </value>
            </param>
            <param index="1">
              <value>
                <![CDATA[Test Get User Payment History API with invalid user id (contain alphabet)]]>
              </value>
            </param>
            <param index="2">
              <value>
                <![CDATA[a]]>
              </value>
            </param>
            <param index="3">
              <value>
                <![CDATA[Fail]]>
              </value>
            </param>
            <param index="4">
              <value>
                <![CDATA[400]]>
              </value>
            </param>
            <param index="5">
              <value>
                <![CDATA[JSON parse error]]>
              </value>
            </param>
          </params>
          <reporter-output>
          </reporter-output>
        </test-method> <!-- getProfileTest -->
        <test-method signature="getProfileTest(java.lang.String, java.lang.String, java.lang.String, java.lang.String, java.lang.String, java.lang.String)[pri:0, instance:com.api.testcases.TS_008_GetUserPaymentHistory@11fc564b]" started-at="2020-05-19T04:44:33Z" name="getProfileTest" data-provider="getUserPaymentHistory-data" finished-at="2020-05-19T04:44:34Z" duration-ms="1568" status="PASS">
          <params>
            <param index="0">
              <value>
                <![CDATA[TC_121]]>
              </value>
            </param>
            <param index="1">
              <value>
                <![CDATA[Test Get User Payment History API with invalid user id (contain symbol)]]>
              </value>
            </param>
            <param index="2">
              <value>
                <![CDATA[@]]>
              </value>
            </param>
            <param index="3">
              <value>
                <![CDATA[Fail]]>
              </value>
            </param>
            <param index="4">
              <value>
                <![CDATA[400]]>
              </value>
            </param>
            <param index="5">
              <value>
                <![CDATA[JSON parse error]]>
              </value>
            </param>
          </params>
          <reporter-output>
          </reporter-output>
        </test-method> <!-- getProfileTest -->
        <test-method signature="getProfileTest(java.lang.String, java.lang.String, java.lang.String, java.lang.String, java.lang.String, java.lang.String)[pri:0, instance:com.api.testcases.TS_008_GetUserPaymentHistory@11fc564b]" started-at="2020-05-19T04:44:34Z" name="getProfileTest" data-provider="getUserPaymentHistory-data" finished-at="2020-05-19T04:44:36Z" duration-ms="1553" status="PASS">
          <params>
            <param index="0">
              <value>
                <![CDATA[TC_122]]>
              </value>
            </param>
            <param index="1">
              <value>
                <![CDATA[Test Get User Payment History API with invalid user id (empty)]]>
              </value>
            </param>
            <param index="2">
              <value>
                <![CDATA[]]>
              </value>
            </param>
            <param index="3">
              <value>
                <![CDATA[Fail]]>
              </value>
            </param>
            <param index="4">
              <value>
                <![CDATA[404]]>
              </value>
            </param>
            <param index="5">
              <value>
                <![CDATA[Payment not found]]>
              </value>
            </param>
          </params>
          <reporter-output>
          </reporter-output>
        </test-method> <!-- getProfileTest -->
      </class> <!-- com.api.testcases.TS_008_GetUserPaymentHistory -->
      <class name="com.api.testcases.TS_007_VerifyPayment">
        <test-method is-config="true" signature="setUp()[pri:0, instance:com.api.testcases.TS_007_VerifyPayment@76ed1b7c]" started-at="2020-05-19T04:42:05Z" name="setUp" finished-at="2020-05-19T04:42:05Z" duration-ms="3" status="PASS">
          <reporter-output>
          </reporter-output>
        </test-method> <!-- setUp -->
        <test-method is-config="true" signature="firstLogMessage()[pri:0, instance:com.api.testcases.TS_007_VerifyPayment@76ed1b7c]" started-at="2020-05-19T04:42:05Z" name="firstLogMessage" finished-at="2020-05-19T04:42:05Z" duration-ms="0" status="PASS">
          <reporter-output>
          </reporter-output>
        </test-method> <!-- firstLogMessage -->
        <test-method signature="createBillData(java.lang.String, java.lang.String, java.lang.String, java.lang.String, java.lang.String)[pri:0, instance:com.api.testcases.TS_007_VerifyPayment@76ed1b7c]" started-at="2020-05-19T04:42:05Z" name="createBillData" data-provider="createBill-data" finished-at="2020-05-19T04:42:07Z" duration-ms="2159" status="PASS">
          <params>
            <param index="0">
              <value>
                <![CDATA[Ridwan Remin]]>
              </value>
            </param>
            <param index="1">
              <value>
                <![CDATA[02411111111]]>
              </value>
            </param>
            <param index="2">
              <value>
                <![CDATA[May]]>
              </value>
            </param>
            <param index="3">
              <value>
                <![CDATA[75000]]>
              </value>
            </param>
            <param index="4">
              <value>
                <![CDATA[unpaid]]>
              </value>
            </param>
          </params>
          <reporter-output>
          </reporter-output>
        </test-method> <!-- createBillData -->
        <test-method signature="createBillData(java.lang.String, java.lang.String, java.lang.String, java.lang.String, java.lang.String)[pri:0, instance:com.api.testcases.TS_007_VerifyPayment@76ed1b7c]" started-at="2020-05-19T04:42:07Z" name="createBillData" data-provider="createBill-data" finished-at="2020-05-19T04:42:10Z" duration-ms="3174" status="PASS">
          <params>
            <param index="0">
              <value>
                <![CDATA[Dodit Mulyanto]]>
              </value>
            </param>
            <param index="1">
              <value>
                <![CDATA[02422222222]]>
              </value>
            </param>
            <param index="2">
              <value>
                <![CDATA[May]]>
              </value>
            </param>
            <param index="3">
              <value>
                <![CDATA[75000]]>
              </value>
            </param>
            <param index="4">
              <value>
                <![CDATA[unpaid]]>
              </value>
            </param>
          </params>
          <reporter-output>
          </reporter-output>
        </test-method> <!-- createBillData -->
        <test-method signature="createBillData(java.lang.String, java.lang.String, java.lang.String, java.lang.String, java.lang.String)[pri:0, instance:com.api.testcases.TS_007_VerifyPayment@76ed1b7c]" started-at="2020-05-19T04:42:10Z" name="createBillData" data-provider="createBill-data" finished-at="2020-05-19T04:43:28Z" duration-ms="77673" status="PASS">
          <params>
            <param index="0">
              <value>
                <![CDATA[Raditya Dika]]>
              </value>
            </param>
            <param index="1">
              <value>
                <![CDATA[02433333333]]>
              </value>
            </param>
            <param index="2">
              <value>
                <![CDATA[May]]>
              </value>
            </param>
            <param index="3">
              <value>
                <![CDATA[75000]]>
              </value>
            </param>
            <param index="4">
              <value>
                <![CDATA[unpaid]]>
              </value>
            </param>
          </params>
          <reporter-output>
          </reporter-output>
        </test-method> <!-- createBillData -->
        <test-method signature="createBillData(java.lang.String, java.lang.String, java.lang.String, java.lang.String, java.lang.String)[pri:0, instance:com.api.testcases.TS_007_VerifyPayment@76ed1b7c]" started-at="2020-05-19T04:43:28Z" name="createBillData" data-provider="createBill-data" finished-at="2020-05-19T04:43:31Z" duration-ms="2917" status="PASS">
          <params>
            <param index="0">
              <value>
                <![CDATA[Bintang Emon]]>
              </value>
            </param>
            <param index="1">
              <value>
                <![CDATA[02444444444]]>
              </value>
            </param>
            <param index="2">
              <value>
                <![CDATA[May]]>
              </value>
            </param>
            <param index="3">
              <value>
                <![CDATA[75000]]>
              </value>
            </param>
            <param index="4">
              <value>
                <![CDATA[unpaid]]>
              </value>
            </param>
          </params>
          <reporter-output>
          </reporter-output>
        </test-method> <!-- createBillData -->
        <test-method signature="createBillData(java.lang.String, java.lang.String, java.lang.String, java.lang.String, java.lang.String)[pri:0, instance:com.api.testcases.TS_007_VerifyPayment@76ed1b7c]" started-at="2020-05-19T04:43:31Z" name="createBillData" data-provider="createBill-data" finished-at="2020-05-19T04:43:33Z" duration-ms="2342" status="PASS">
          <params>
            <param index="0">
              <value>
                <![CDATA[Fico fahriza]]>
              </value>
            </param>
            <param index="1">
              <value>
                <![CDATA[02455555555]]>
              </value>
            </param>
            <param index="2">
              <value>
                <![CDATA[May]]>
              </value>
            </param>
            <param index="3">
              <value>
                <![CDATA[75000]]>
              </value>
            </param>
            <param index="4">
              <value>
                <![CDATA[unpaid]]>
              </value>
            </param>
          </params>
          <reporter-output>
          </reporter-output>
        </test-method> <!-- createBillData -->
        <test-method signature="createBillData(java.lang.String, java.lang.String, java.lang.String, java.lang.String, java.lang.String)[pri:0, instance:com.api.testcases.TS_007_VerifyPayment@76ed1b7c]" started-at="2020-05-19T04:43:33Z" name="createBillData" data-provider="createBill-data" finished-at="2020-05-19T04:43:36Z" duration-ms="2257" status="PASS">
          <params>
            <param index="0">
              <value>
                <![CDATA[Yuda Aldiansyah]]>
              </value>
            </param>
            <param index="1">
              <value>
                <![CDATA[02466666666]]>
              </value>
            </param>
            <param index="2">
              <value>
                <![CDATA[May]]>
              </value>
            </param>
            <param index="3">
              <value>
                <![CDATA[75000]]>
              </value>
            </param>
            <param index="4">
              <value>
                <![CDATA[unpaid]]>
              </value>
            </param>
          </params>
          <reporter-output>
          </reporter-output>
        </test-method> <!-- createBillData -->
        <test-method signature="insertSomePayment()[pri:0, instance:com.api.testcases.TS_007_VerifyPayment@76ed1b7c]" started-at="2020-05-19T04:43:36Z" name="insertSomePayment" finished-at="2020-05-19T04:43:47Z" depends-on-methods="com.api.testcases.TS_007_VerifyPayment.createBillData" duration-ms="11156" status="PASS">
          <reporter-output>
          </reporter-output>
        </test-method> <!-- insertSomePayment -->
        <test-method signature="verifyPaymentTest(java.lang.String, java.lang.String, java.lang.String, java.lang.String, java.lang.String, java.lang.String, java.lang.String)[pri:0, instance:com.api.testcases.TS_007_VerifyPayment@76ed1b7c]" started-at="2020-05-19T04:43:47Z" name="verifyPaymentTest" data-provider="verifyPayment-data" finished-at="2020-05-19T04:43:50Z" depends-on-methods="com.api.testcases.TS_007_VerifyPayment.insertSomePayment" duration-ms="2625" status="PASS">
          <params>
            <param index="0">
              <value>
                <![CDATA[TS_102]]>
              </value>
            </param>
            <param index="1">
              <value>
                <![CDATA[Test Verify Payment API with positive test path (pay with wallet balance)]]>
              </value>
            </param>
            <param index="2">
              <value>
                <![CDATA[Depend#83833833834]]>
              </value>
            </param>
            <param index="3">
              <value>
                <![CDATA[Depend#02411111111]]>
              </value>
            </param>
            <param index="4">
              <value>
                <![CDATA[1]]>
              </value>
            </param>
            <param index="5">
              <value>
                <![CDATA[200]]>
              </value>
            </param>
            <param index="6">
              <value>
                <![CDATA[Payment success]]>
              </value>
            </param>
          </params>
          <reporter-output>
          </reporter-output>
        </test-method> <!-- verifyPaymentTest -->
        <test-method signature="verifyPaymentTest(java.lang.String, java.lang.String, java.lang.String, java.lang.String, java.lang.String, java.lang.String, java.lang.String)[pri:0, instance:com.api.testcases.TS_007_VerifyPayment@76ed1b7c]" started-at="2020-05-19T04:43:50Z" name="verifyPaymentTest" data-provider="verifyPayment-data" finished-at="2020-05-19T04:43:52Z" depends-on-methods="com.api.testcases.TS_007_VerifyPayment.insertSomePayment" duration-ms="2457" status="PASS">
          <params>
            <param index="0">
              <value>
                <![CDATA[TS_103]]>
              </value>
            </param>
            <param index="1">
              <value>
                <![CDATA[Test Verify Payment API with positive test path (pay with wallet bank transfer)]]>
              </value>
            </param>
            <param index="2">
              <value>
                <![CDATA[Depend#83833833834]]>
              </value>
            </param>
            <param index="3">
              <value>
                <![CDATA[Depend#02422222222]]>
              </value>
            </param>
            <param index="4">
              <value>
                <![CDATA[2]]>
              </value>
            </param>
            <param index="5">
              <value>
                <![CDATA[200]]>
              </value>
            </param>
            <param index="6">
              <value>
                <![CDATA[Payment success]]>
              </value>
            </param>
          </params>
          <reporter-output>
          </reporter-output>
        </test-method> <!-- verifyPaymentTest -->
        <test-method signature="verifyPaymentTest(java.lang.String, java.lang.String, java.lang.String, java.lang.String, java.lang.String, java.lang.String, java.lang.String)[pri:0, instance:com.api.testcases.TS_007_VerifyPayment@76ed1b7c]" started-at="2020-05-19T04:43:52Z" name="verifyPaymentTest" data-provider="verifyPayment-data" finished-at="2020-05-19T04:43:55Z" depends-on-methods="com.api.testcases.TS_007_VerifyPayment.insertSomePayment" duration-ms="2660" status="FAIL">
          <params>
            <param index="0">
              <value>
                <![CDATA[TS_104]]>
              </value>
            </param>
            <param index="1">
              <value>
                <![CDATA[Test Verify Payment API if user not insert payment first (payment method : wallet balance)]]>
              </value>
            </param>
            <param index="2">
              <value>
                <![CDATA[Depend#83833833834]]>
              </value>
            </param>
            <param index="3">
              <value>
                <![CDATA[Depend#02444444444]]>
              </value>
            </param>
            <param index="4">
              <value>
                <![CDATA[1]]>
              </value>
            </param>
            <param index="5">
              <value>
                <![CDATA[403]]>
              </value>
            </param>
            <param index="6">
              <value>
                <![CDATA[You must do the payment transaction first]]>
              </value>
            </param>
          </params>
          <exception class="java.lang.AssertionError">
            <message>
              <![CDATA[1 expectation failed.
Response body doesn't match expectation.
Expected: a string containing "You must do the payment transaction first"
  Actual: [data:[:], message:You must do the payment transaction first, status:403]
]]>
            </message>
            <full-stacktrace>
              <![CDATA[java.lang.AssertionError: 1 expectation failed.
Response body doesn't match expectation.
Expected: a string containing "You must do the payment transaction first"
  Actual: [data:[:], message:You must do the payment transaction first, status:403]

at java.base/jdk.internal.reflect.NativeConstructorAccessorImpl.newInstance0(Native Method)
at java.base/jdk.internal.reflect.NativeConstructorAccessorImpl.newInstance(NativeConstructorAccessorImpl.java:62)
at java.base/jdk.internal.reflect.DelegatingConstructorAccessorImpl.newInstance(DelegatingConstructorAccessorImpl.java:45)
at java.base/java.lang.reflect.Constructor.newInstance(Constructor.java:490)
at org.codehaus.groovy.reflection.CachedConstructor.invoke(CachedConstructor.java:83)
at org.codehaus.groovy.reflection.CachedConstructor.doConstructorInvoke(CachedConstructor.java:77)
at org.codehaus.groovy.runtime.callsite.ConstructorSite$ConstructorSiteNoUnwrap.callConstructor(ConstructorSite.java:84)
at org.codehaus.groovy.runtime.callsite.AbstractCallSite.callConstructor(AbstractCallSite.java:250)
at io.restassured.internal.ResponseSpecificationImpl$HamcrestAssertionClosure.validate(ResponseSpecificationImpl.groovy:494)
at io.restassured.internal.ResponseSpecificationImpl$HamcrestAssertionClosure$validate$1.call(Unknown Source)
at io.restassured.internal.ResponseSpecificationImpl.validateResponseIfRequired(ResponseSpecificationImpl.groovy:656)
at jdk.internal.reflect.GeneratedMethodAccessor31.invoke(Unknown Source)
at java.base/jdk.internal.reflect.DelegatingMethodAccessorImpl.invoke(DelegatingMethodAccessorImpl.java:43)
at java.base/java.lang.reflect.Method.invoke(Method.java:566)
at org.codehaus.groovy.runtime.callsite.PogoMetaMethodSite$PogoCachedMethodSiteNoUnwrapNoCoerce.invoke(PogoMetaMethodSite.java:210)
at org.codehaus.groovy.runtime.callsite.PogoMetaMethodSite.callCurrent(PogoMetaMethodSite.java:59)
at org.codehaus.groovy.runtime.callsite.AbstractCallSite.callCurrent(AbstractCallSite.java:169)
at io.restassured.internal.ResponseSpecificationImpl.content(ResponseSpecificationImpl.groovy:97)
at io.restassured.internal.ValidatableResponseOptionsImpl.content(ValidatableResponseOptionsImpl.java:89)
at com.api.testcases.TS_007_VerifyPayment.verifyPaymentTest(TS_007_VerifyPayment.java:122)
at java.base/jdk.internal.reflect.NativeMethodAccessorImpl.invoke0(Native Method)
at java.base/jdk.internal.reflect.NativeMethodAccessorImpl.invoke(NativeMethodAccessorImpl.java:62)
at java.base/jdk.internal.reflect.DelegatingMethodAccessorImpl.invoke(DelegatingMethodAccessorImpl.java:43)
at java.base/java.lang.reflect.Method.invoke(Method.java:566)
at org.testng.internal.MethodInvocationHelper.invokeMethod(MethodInvocationHelper.java:124)
at org.testng.internal.Invoker.invokeMethod(Invoker.java:583)
at org.testng.internal.Invoker.invokeTestMethod(Invoker.java:719)
at org.testng.internal.Invoker.invokeTestMethods(Invoker.java:989)
at org.testng.internal.TestMethodWorker.invokeTestMethods(TestMethodWorker.java:125)
at org.testng.internal.TestMethodWorker.run(TestMethodWorker.java:109)
at org.testng.TestRunner.privateRun(TestRunner.java:648)
at org.testng.TestRunner.run(TestRunner.java:505)
at org.testng.SuiteRunner.runTest(SuiteRunner.java:455)
at org.testng.SuiteRunner.runSequentially(SuiteRunner.java:450)
at org.testng.SuiteRunner.privateRun(SuiteRunner.java:415)
at org.testng.SuiteRunner.run(SuiteRunner.java:364)
at org.testng.SuiteRunnerWorker.runSuite(SuiteRunnerWorker.java:52)
at org.testng.SuiteRunnerWorker.run(SuiteRunnerWorker.java:84)
at org.testng.TestNG.runSuitesSequentially(TestNG.java:1208)
at org.testng.TestNG.runSuitesLocally(TestNG.java:1137)
at org.testng.TestNG.runSuites(TestNG.java:1049)
at org.testng.TestNG.run(TestNG.java:1017)
at org.testng.remote.AbstractRemoteTestNG.run(AbstractRemoteTestNG.java:115)
at org.testng.remote.RemoteTestNG.initAndRun(RemoteTestNG.java:251)
at org.testng.remote.RemoteTestNG.main(RemoteTestNG.java:77)
]]>
            </full-stacktrace>
          </exception> <!-- java.lang.AssertionError -->
          <reporter-output>
          </reporter-output>
        </test-method> <!-- verifyPaymentTest -->
        <test-method signature="verifyPaymentTest(java.lang.String, java.lang.String, java.lang.String, java.lang.String, java.lang.String, java.lang.String, java.lang.String)[pri:0, instance:com.api.testcases.TS_007_VerifyPayment@76ed1b7c]" started-at="2020-05-19T04:43:55Z" name="verifyPaymentTest" data-provider="verifyPayment-data" finished-at="2020-05-19T04:43:58Z" depends-on-methods="com.api.testcases.TS_007_VerifyPayment.insertSomePayment" duration-ms="3065" status="FAIL">
          <params>
            <param index="0">
              <value>
                <![CDATA[TS_105]]>
              </value>
            </param>
            <param index="1">
              <value>
                <![CDATA[Test Verify Payment API if user not insert payment first (payment method : bank transfer)]]>
              </value>
            </param>
            <param index="2">
              <value>
                <![CDATA[Depend#83833833834]]>
              </value>
            </param>
            <param index="3">
              <value>
                <![CDATA[Depend#02455555555]]>
              </value>
            </param>
            <param index="4">
              <value>
                <![CDATA[2]]>
              </value>
            </param>
            <param index="5">
              <value>
                <![CDATA[403]]>
              </value>
            </param>
            <param index="6">
              <value>
                <![CDATA[You must do the payment transaction first]]>
              </value>
            </param>
          </params>
          <exception class="java.lang.AssertionError">
            <message>
              <![CDATA[1 expectation failed.
Response body doesn't match expectation.
Expected: a string containing "You must do the payment transaction first"
  Actual: [data:[:], message:You must do the payment transaction first, status:403]
]]>
            </message>
            <full-stacktrace>
              <![CDATA[java.lang.AssertionError: 1 expectation failed.
Response body doesn't match expectation.
Expected: a string containing "You must do the payment transaction first"
  Actual: [data:[:], message:You must do the payment transaction first, status:403]

at java.base/jdk.internal.reflect.NativeConstructorAccessorImpl.newInstance0(Native Method)
at java.base/jdk.internal.reflect.NativeConstructorAccessorImpl.newInstance(NativeConstructorAccessorImpl.java:62)
at java.base/jdk.internal.reflect.DelegatingConstructorAccessorImpl.newInstance(DelegatingConstructorAccessorImpl.java:45)
at java.base/java.lang.reflect.Constructor.newInstance(Constructor.java:490)
at org.codehaus.groovy.reflection.CachedConstructor.invoke(CachedConstructor.java:83)
at org.codehaus.groovy.reflection.CachedConstructor.doConstructorInvoke(CachedConstructor.java:77)
at org.codehaus.groovy.runtime.callsite.ConstructorSite$ConstructorSiteNoUnwrap.callConstructor(ConstructorSite.java:84)
at org.codehaus.groovy.runtime.callsite.AbstractCallSite.callConstructor(AbstractCallSite.java:250)
at io.restassured.internal.ResponseSpecificationImpl$HamcrestAssertionClosure.validate(ResponseSpecificationImpl.groovy:494)
at io.restassured.internal.ResponseSpecificationImpl$HamcrestAssertionClosure$validate$1.call(Unknown Source)
at io.restassured.internal.ResponseSpecificationImpl.validateResponseIfRequired(ResponseSpecificationImpl.groovy:656)
at jdk.internal.reflect.GeneratedMethodAccessor31.invoke(Unknown Source)
at java.base/jdk.internal.reflect.DelegatingMethodAccessorImpl.invoke(DelegatingMethodAccessorImpl.java:43)
at java.base/java.lang.reflect.Method.invoke(Method.java:566)
at org.codehaus.groovy.runtime.callsite.PogoMetaMethodSite$PogoCachedMethodSiteNoUnwrapNoCoerce.invoke(PogoMetaMethodSite.java:210)
at org.codehaus.groovy.runtime.callsite.PogoMetaMethodSite.callCurrent(PogoMetaMethodSite.java:59)
at org.codehaus.groovy.runtime.callsite.AbstractCallSite.callCurrent(AbstractCallSite.java:169)
at io.restassured.internal.ResponseSpecificationImpl.content(ResponseSpecificationImpl.groovy:97)
at io.restassured.internal.ValidatableResponseOptionsImpl.content(ValidatableResponseOptionsImpl.java:89)
at com.api.testcases.TS_007_VerifyPayment.verifyPaymentTest(TS_007_VerifyPayment.java:122)
at java.base/jdk.internal.reflect.NativeMethodAccessorImpl.invoke0(Native Method)
at java.base/jdk.internal.reflect.NativeMethodAccessorImpl.invoke(NativeMethodAccessorImpl.java:62)
at java.base/jdk.internal.reflect.DelegatingMethodAccessorImpl.invoke(DelegatingMethodAccessorImpl.java:43)
at java.base/java.lang.reflect.Method.invoke(Method.java:566)
at org.testng.internal.MethodInvocationHelper.invokeMethod(MethodInvocationHelper.java:124)
at org.testng.internal.Invoker.invokeMethod(Invoker.java:583)
at org.testng.internal.Invoker.invokeTestMethod(Invoker.java:719)
at org.testng.internal.Invoker.invokeTestMethods(Invoker.java:989)
at org.testng.internal.TestMethodWorker.invokeTestMethods(TestMethodWorker.java:125)
at org.testng.internal.TestMethodWorker.run(TestMethodWorker.java:109)
at org.testng.TestRunner.privateRun(TestRunner.java:648)
at org.testng.TestRunner.run(TestRunner.java:505)
at org.testng.SuiteRunner.runTest(SuiteRunner.java:455)
at org.testng.SuiteRunner.runSequentially(SuiteRunner.java:450)
at org.testng.SuiteRunner.privateRun(SuiteRunner.java:415)
at org.testng.SuiteRunner.run(SuiteRunner.java:364)
at org.testng.SuiteRunnerWorker.runSuite(SuiteRunnerWorker.java:52)
at org.testng.SuiteRunnerWorker.run(SuiteRunnerWorker.java:84)
[...]
            </param>
            <param index="5">
              <value>
                <![CDATA[Bill not found]]>
              </value>
            </param>
          </params>
          <reporter-output>
          </reporter-output>
        </test-method> <!-- getUnpaidBillTest -->
        <test-method signature="getUnpaidBillTest(java.lang.String, java.lang.String, java.lang.String, java.lang.String, java.lang.String, java.lang.String)[pri:0, instance:com.api.testcases.TS_005_GetUnpaidBill@17a7f733]" started-at="2020-05-19T04:40:13Z" name="getUnpaidBillTest" data-provider="getUnpaidBill-data" finished-at="2020-05-19T04:40:15Z" depends-on-methods="com.api.testcases.TS_005_GetUnpaidBill.createBillData" duration-ms="2354" status="PASS">
          <params>
            <param index="0">
              <value>
                <![CDATA[TS_076]]>
              </value>
            </param>
            <param index="1">
              <value>
                <![CDATA[Test Get Telephone Bills API with negative test (valid data, phone number registered but no billing)]]>
              </value>
            </param>
            <param index="2">
              <value>
                <![CDATA[02222222222]]>
              </value>
            </param>
            <param index="3">
              <value>
                <![CDATA[Not Found]]>
              </value>
            </param>
            <param index="4">
              <value>
                <![CDATA[404]]>
              </value>
            </param>
            <param index="5">
              <value>
                <![CDATA[Bill not found]]>
              </value>
            </param>
          </params>
          <reporter-output>
          </reporter-output>
        </test-method> <!-- getUnpaidBillTest -->
        <test-method signature="getUnpaidBillTest(java.lang.String, java.lang.String, java.lang.String, java.lang.String, java.lang.String, java.lang.String)[pri:0, instance:com.api.testcases.TS_005_GetUnpaidBill@17a7f733]" started-at="2020-05-19T04:40:15Z" name="getUnpaidBillTest" data-provider="getUnpaidBill-data" finished-at="2020-05-19T04:40:18Z" depends-on-methods="com.api.testcases.TS_005_GetUnpaidBill.createBillData" duration-ms="2661" status="PASS">
          <params>
            <param index="0">
              <value>
                <![CDATA[TS_077]]>
              </value>
            </param>
            <param index="1">
              <value>
                <![CDATA[Test Get Telephone Bills API with negative test (Registered Phone Number, 2 paid billing, 0 unpaid billing)]]>
              </value>
            </param>
            <param index="2">
              <value>
                <![CDATA[02255555555]]>
              </value>
            </param>
            <param index="3">
              <value>
                <![CDATA[Not Found]]>
              </value>
            </param>
            <param index="4">
              <value>
                <![CDATA[404]]>
              </value>
            </param>
            <param index="5">
              <value>
                <![CDATA[Bill not found]]>
              </value>
            </param>
          </params>
          <reporter-output>
          </reporter-output>
        </test-method> <!-- getUnpaidBillTest -->
        <test-method signature="getUnpaidBillTest(java.lang.String, java.lang.String, java.lang.String, java.lang.String, java.lang.String, java.lang.String)[pri:0, instance:com.api.testcases.TS_005_GetUnpaidBill@17a7f733]" started-at="2020-05-19T04:40:18Z" name="getUnpaidBillTest" data-provider="getUnpaidBill-data" finished-at="2020-05-19T04:40:20Z" depends-on-methods="com.api.testcases.TS_005_GetUnpaidBill.createBillData" duration-ms="2252" status="PASS">
          <params>
            <param index="0">
              <value>
                <![CDATA[TS_078]]>
              </value>
            </param>
            <param index="1">
              <value>
                <![CDATA[Test Get Telephone Bills API with invalid phone number (less than 8 digit)]]>
              </value>
            </param>
            <param index="2">
              <value>
                <![CDATA[0227777]]>
              </value>
            </param>
            <param index="3">
              <value>
                <![CDATA[Fail get bills]]>
              </value>
            </param>
            <param index="4">
              <value>
                <![CDATA[403]]>
              </value>
            </param>
            <param index="5">
              <value>
                <![CDATA[Invalid phone number]]>
              </value>
            </param>
          </params>
          <reporter-output>
          </reporter-output>
        </test-method> <!-- getUnpaidBillTest -->
        <test-method signature="getUnpaidBillTest(java.lang.String, java.lang.String, java.lang.String, java.lang.String, java.lang.String, java.lang.String)[pri:0, instance:com.api.testcases.TS_005_GetUnpaidBill@17a7f733]" started-at="2020-05-19T04:40:20Z" name="getUnpaidBillTest" data-provider="getUnpaidBill-data" finished-at="2020-05-19T04:40:23Z" depends-on-methods="com.api.testcases.TS_005_GetUnpaidBill.createBillData" duration-ms="2772" status="PASS">
          <params>
            <param index="0">
              <value>
                <![CDATA[TS_079]]>
              </value>
            </param>
            <param index="1">
              <value>
                <![CDATA[Test Get Telephone Bills API with invalid phone number (more than than 13 digit)]]>
              </value>
            </param>
            <param index="2">
              <value>
                <![CDATA[02277777777777]]>
              </value>
            </param>
            <param index="3">
              <value>
                <![CDATA[Fail get bills]]>
              </value>
            </param>
            <param index="4">
              <value>
                <![CDATA[403]]>
              </value>
            </param>
            <param index="5">
              <value>
                <![CDATA[Invalid phone number]]>
              </value>
            </param>
          </params>
          <reporter-output>
          </reporter-output>
        </test-method> <!-- getUnpaidBillTest -->
        <test-method signature="getUnpaidBillTest(java.lang.String, java.lang.String, java.lang.String, java.lang.String, java.lang.String, java.lang.String)[pri:0, instance:com.api.testcases.TS_005_GetUnpaidBill@17a7f733]" started-at="2020-05-19T04:40:23Z" name="getUnpaidBillTest" data-provider="getUnpaidBill-data" finished-at="2020-05-19T04:40:25Z" depends-on-methods="com.api.testcases.TS_005_GetUnpaidBill.createBillData" duration-ms="2427" status="PASS">
          <params>
            <param index="0">
              <value>
                <![CDATA[TS_081]]>
              </value>
            </param>
            <param index="1">
              <value>
                <![CDATA[Test Get Telephone Bills API with invalid phone number (contain symbol)]]>
              </value>
            </param>
            <param index="2">
              <value>
                <![CDATA[021758678577@]]>
              </value>
            </param>
            <param index="3">
              <value>
                <![CDATA[Fail get bills]]>
              </value>
            </param>
            <param index="4">
              <value>
                <![CDATA[403]]>
              </value>
            </param>
            <param index="5">
              <value>
                <![CDATA[Invalid phone number]]>
              </value>
            </param>
          </params>
          <reporter-output>
          </reporter-output>
        </test-method> <!-- getUnpaidBillTest -->
        <test-method signature="getUnpaidBillTest(java.lang.String, java.lang.String, java.lang.String, java.lang.String, java.lang.String, java.lang.String)[pri:0, instance:com.api.testcases.TS_005_GetUnpaidBill@17a7f733]" started-at="2020-05-19T04:40:25Z" name="getUnpaidBillTest" data-provider="getUnpaidBill-data" finished-at="2020-05-19T04:40:27Z" depends-on-methods="com.api.testcases.TS_005_GetUnpaidBill.createBillData" duration-ms="1967" status="PASS">
          <params>
            <param index="0">
              <value>
                <![CDATA[TS_082]]>
              </value>
            </param>
            <param index="1">
              <value>
                <![CDATA[Test Get Telephone Bills API with invalid phone number (contain alphabet)]]>
              </value>
            </param>
            <param index="2">
              <value>
                <![CDATA[021758678577a]]>
              </value>
            </param>
            <param index="3">
              <value>
                <![CDATA[Fail get bills]]>
              </value>
            </param>
            <param index="4">
              <value>
                <![CDATA[403]]>
              </value>
            </param>
            <param index="5">
              <value>
                <![CDATA[Invalid phone number]]>
              </value>
            </param>
          </params>
          <reporter-output>
          </reporter-output>
        </test-method> <!-- getUnpaidBillTest -->
        <test-method signature="getUnpaidBillTest(java.lang.String, java.lang.String, java.lang.String, java.lang.String, java.lang.String, java.lang.String)[pri:0, instance:com.api.testcases.TS_005_GetUnpaidBill@17a7f733]" started-at="2020-05-19T04:40:27Z" name="getUnpaidBillTest" data-provider="getUnpaidBill-data" finished-at="2020-05-19T04:40:29Z" depends-on-methods="com.api.testcases.TS_005_GetUnpaidBill.createBillData" duration-ms="2155" status="PASS">
          <params>
            <param index="0">
              <value>
                <![CDATA[TS_080]]>
              </value>
            </param>
            <param index="1">
              <value>
                <![CDATA[Test Get Telephone Bills API with invalid phone number (contain whitespace)]]>
              </value>
            </param>
            <param index="2">
              <value>
                <![CDATA[02175867 8577]]>
              </value>
            </param>
            <param index="3">
              <value>
                <![CDATA[Fail get bills]]>
              </value>
            </param>
            <param index="4">
              <value>
                <![CDATA[403]]>
              </value>
            </param>
            <param index="5">
              <value>
                <![CDATA[Invalid phone number]]>
              </value>
            </param>
          </params>
          <reporter-output>
          </reporter-output>
        </test-method> <!-- getUnpaidBillTest -->
        <test-method signature="getUnpaidBillTest(java.lang.String, java.lang.String, java.lang.String, java.lang.String, java.lang.String, java.lang.String)[pri:0, instance:com.api.testcases.TS_005_GetUnpaidBill@17a7f733]" started-at="2020-05-19T04:40:29Z" name="getUnpaidBillTest" data-provider="getUnpaidBill-data" finished-at="2020-05-19T04:40:31Z" depends-on-methods="com.api.testcases.TS_005_GetUnpaidBill.createBillData" duration-ms="1722" status="PASS">
          <params>
            <param index="0">
              <value>
                <![CDATA[TS_083]]>
              </value>
            </param>
            <param index="1">
              <value>
                <![CDATA[Test Get Telephone Bills API with invalid phone number (empty)]]>
              </value>
            </param>
            <param index="2">
              <value>
                <![CDATA[]]>
              </value>
            </param>
            <param index="3">
              <value>
                <![CDATA[Fail get bills]]>
              </value>
            </param>
            <param index="4">
              <value>
                <![CDATA[403]]>
              </value>
            </param>
            <param index="5">
              <value>
                <![CDATA[Invalid phone number]]>
              </value>
            </param>
          </params>
          <reporter-output>
          </reporter-output>
        </test-method> <!-- getUnpaidBillTest -->
      </class> <!-- com.api.testcases.TS_005_GetUnpaidBill -->
      <class name="com.api.testcases.TS_004_GetUserProfile">
        <test-method is-config="true" signature="setUp()[pri:0, instance:com.api.testcases.TS_004_GetUserProfile@2118cddf]" started-at="2020-05-19T04:39:18Z" name="setUp" finished-at="2020-05-19T04:39:18Z" duration-ms="3" status="PASS">
          <reporter-output>
          </reporter-output>
        </test-method> <!-- setUp -->
        <test-method is-config="true" signature="firstLogMessage()[pri:0, instance:com.api.testcases.TS_004_GetUserProfile@2118cddf]" started-at="2020-05-19T04:39:18Z" name="firstLogMessage" finished-at="2020-05-19T04:39:18Z" duration-ms="1" status="PASS">
          <reporter-output>
          </reporter-output>
        </test-method> <!-- firstLogMessage -->
        <test-method signature="getProfileTest(java.lang.String, java.lang.String, java.lang.String, java.lang.String, java.lang.String, java.lang.String)[pri:0, instance:com.api.testcases.TS_004_GetUserProfile@2118cddf]" started-at="2020-05-19T04:39:18Z" name="getProfileTest" data-provider="getUserProfile-data" finished-at="2020-05-19T04:39:20Z" duration-ms="2198" status="PASS">
          <params>
            <param index="0">
              <value>
                <![CDATA[TC_066]]>
              </value>
            </param>
            <param index="1">
              <value>
                <![CDATA[Test Get User Profile API if user exist]]>
              </value>
            </param>
            <param index="2">
              <value>
                <![CDATA[Depend#83833833834]]>
              </value>
            </param>
            <param index="3">
              <value>
                <![CDATA[Success]]>
              </value>
            </param>
            <param index="4">
              <value>
                <![CDATA[200]]>
              </value>
            </param>
            <param index="5">
              <value>
                <![CDATA[User profile has successfully sent]]>
              </value>
            </param>
          </params>
          <reporter-output>
          </reporter-output>
        </test-method> <!-- getProfileTest -->
        <test-method signature="getProfileTest(java.lang.String, java.lang.String, java.lang.String, java.lang.String, java.lang.String, java.lang.String)[pri:0, instance:com.api.testcases.TS_004_GetUserProfile@2118cddf]" started-at="2020-05-19T04:39:20Z" name="getProfileTest" data-provider="getUserProfile-data" finished-at="2020-05-19T04:39:22Z" duration-ms="2226" status="PASS">
          <params>
            <param index="0">
              <value>
                <![CDATA[TC_067]]>
              </value>
            </param>
            <param index="1">
              <value>
                <![CDATA[Test Get User Profile API if user not exist]]>
              </value>
            </param>
            <param index="2">
              <value>
                <![CDATA[1000]]>
              </value>
            </param>
            <param index="3">
              <value>
                <![CDATA[Fail]]>
              </value>
            </param>
            <param index="4">
              <value>
                <![CDATA[404]]>
              </value>
            </param>
            <param index="5">
              <value>
                <![CDATA[User not found]]>
              </value>
            </param>
          </params>
          <reporter-output>
          </reporter-output>
        </test-method> <!-- getProfileTest -->
        <test-method signature="getProfileTest(java.lang.String, java.lang.String, java.lang.String, java.lang.String, java.lang.String, java.lang.String)[pri:0, instance:com.api.testcases.TS_004_GetUserProfile@2118cddf]" started-at="2020-05-19T04:39:22Z" name="getProfileTest" data-provider="getUserProfile-data" finished-at="2020-05-19T04:39:25Z" duration-ms="2797" status="PASS">
          <params>
            <param index="0">
              <value>
                <![CDATA[TC_068]]>
              </value>
            </param>
            <param index="1">
              <value>
                <![CDATA[Test Get User Profile API with invalid user id (contain alphabet)]]>
              </value>
            </param>
            <param index="2">
              <value>
                <![CDATA[a]]>
              </value>
            </param>
            <param index="3">
              <value>
                <![CDATA[Fail]]>
              </value>
            </param>
            <param index="4">
              <value>
                <![CDATA[400]]>
              </value>
            </param>
            <param index="5">
              <value>
                <![CDATA[JSON parse error]]>
              </value>
            </param>
          </params>
          <reporter-output>
          </reporter-output>
        </test-method> <!-- getProfileTest -->
        <test-method signature="getProfileTest(java.lang.String, java.lang.String, java.lang.String, java.lang.String, java.lang.String, java.lang.String)[pri:0, instance:com.api.testcases.TS_004_GetUserProfile@2118cddf]" started-at="2020-05-19T04:39:25Z" name="getProfileTest" data-provider="getUserProfile-data" finished-at="2020-05-19T04:39:27Z" duration-ms="2133" status="PASS">
          <params>
            <param index="0">
              <value>
                <![CDATA[TC_069]]>
              </value>
            </param>
            <param index="1">
              <value>
                <![CDATA[Test Get User Profile API with invalid user id (contain symbol)]]>
              </value>
            </param>
            <param index="2">
              <value>
                <![CDATA[@]]>
              </value>
            </param>
            <param index="3">
              <value>
                <![CDATA[Fail]]>
              </value>
            </param>
            <param index="4">
              <value>
                <![CDATA[400]]>
              </value>
            </param>
            <param index="5">
              <value>
                <![CDATA[JSON parse error]]>
              </value>
            </param>
          </params>
          <reporter-output>
          </reporter-output>
        </test-method> <!-- getProfileTest -->
        <test-method signature="getProfileTest(java.lang.String, java.lang.String, java.lang.String, java.lang.String, java.lang.String, java.lang.String)[pri:0, instance:com.api.testcases.TS_004_GetUserProfile@2118cddf]" started-at="2020-05-19T04:39:27Z" name="getProfileTest" data-provider="getUserProfile-data" finished-at="2020-05-19T04:39:29Z" duration-ms="1725" status="PASS">
          <params>
            <param index="0">
              <value>
                <![CDATA[TC_070]]>
              </value>
            </param>
            <param index="1">
              <value>
                <![CDATA[Test Get User Profile API with invalid user id (empty)]]>
              </value>
            </param>
            <param index="2">
              <value>
                <![CDATA[]]>
              </value>
            </param>
            <param index="3">
              <value>
                <![CDATA[Fail]]>
              </value>
            </param>
            <param index="4">
              <value>
                <![CDATA[404]]>
              </value>
            </param>
            <param index="5">
              <value>
                <![CDATA[User not found]]>
              </value>
            </param>
          </params>
          <reporter-output>
          </reporter-output>
        </test-method> <!-- getProfileTest -->
      </class> <!-- com.api.testcases.TS_004_GetUserProfile -->
    </test> <!-- APITest -->
  </suite> <!-- APISuite -->
</testng-results>
